Flow report for top
Thu Aug 20 19:10:48 2015
Quartus II 64-Bit Version 15.0.2 Build 153 07/15/2015 SJ Full Version


---------------------
; Table of Contents ;
---------------------
  1. Legal Notice
  2. Flow Summary
  3. Flow Settings
  4. Flow Non-Default Global Settings
  5. Flow Elapsed Time
  6. Flow OS Summary
  7. Flow Log
  8. Flow Messages
  9. Flow Suppressed Messages



----------------
; Legal Notice ;
----------------
Copyright (C) 1991-2015 Altera Corporation. All rights reserved.
Your use of Altera Corporation's design tools, logic functions 
and other software and tools, and its AMPP partner logic 
functions, and any output files from any of the foregoing 
(including device programming or simulation files), and any 
associated documentation or information are expressly subject 
to the terms and conditions of the Altera Program License 
Subscription Agreement, the Altera Quartus II License Agreement,
the Altera MegaCore Function License Agreement, or other 
applicable license agreement, including, without limitation, 
that your use is for the sole purpose of programming logic 
devices manufactured by Altera and sold by Altera or its 
authorized distributors.  Please refer to the applicable 
agreement for further details.



+-------------------------------------------------------------------------------+
; Flow Summary                                                                  ;
+---------------------------------+---------------------------------------------+
; Flow Status                     ; Successful - Thu Aug 20 19:10:44 2015       ;
; Quartus II 64-Bit Version       ; 15.0.2 Build 153 07/15/2015 SJ Full Version ;
; Revision Name                   ; top                                         ;
; Top-level Entity Name           ; top                                         ;
; Family                          ; Stratix V                                   ;
; Device                          ; 5SGXEA7N2F45C2                              ;
; Timing Models                   ; Final                                       ;
; Logic utilization (in ALMs)     ; 156,674 / 234,720 ( 67 % )                  ;
; Total registers                 ; 296843                                      ;
; Total pins                      ; 279 / 1,064 ( 26 % )                        ;
; Total virtual pins              ; 31                                          ;
; Total block memory bits         ; 9,697,636 / 52,428,800 ( 18 % )             ;
; Total DSP Blocks                ; 256 / 256 ( 100 % )                         ;
; Total HSSI STD RX PCSs          ; 9 / 48 ( 19 % )                             ;
; Total HSSI 10G RX PCSs          ; 0 / 48 ( 0 % )                              ;
; Total HSSI GEN3 RX PCSs         ; 0 / 48 ( 0 % )                              ;
; Total HSSI PMA RX Deserializers ; 8 / 48 ( 17 % )                             ;
; Total HSSI STD TX PCSs          ; 9 / 48 ( 19 % )                             ;
; Total HSSI 10G TX PCSs          ; 0 / 48 ( 0 % )                              ;
; Total HSSI GEN3 TX PCSs         ; 0 / 48 ( 0 % )                              ;
; Total HSSI PMA TX Serializers   ; 9 / 48 ( 19 % )                             ;
; Total HSSI PIPE GEN1_2s         ; 9 / 48 ( 19 % )                             ;
; Total HSSI GEN3s                ; 9 / 48 ( 19 % )                             ;
; Total PLLs                      ; 13 / 92 ( 14 % )                            ;
; Total DLLs                      ; 2 / 4 ( 50 % )                              ;
+---------------------------------+---------------------------------------------+


+-----------------------------------------+
; Flow Settings                           ;
+-------------------+---------------------+
; Option            ; Setting             ;
+-------------------+---------------------+
; Start date & time ; 08/20/2015 14:53:24 ;
; Main task         ; Compilation         ;
; Revision Name     ; top                 ;
+-------------------+---------------------+


+------------------------------------------------------------------------------------------------------------------------------------------------------------------------------+
; Flow Non-Default Global Settings                                                                                                                                             ;
+-------------------------------------------------+-----------------------------------------------------------------+---------------+-------------+----------------------------+
; Assignment Name                                 ; Value                                                           ; Default Value ; Entity Name ; Section Id                 ;
+-------------------------------------------------+-----------------------------------------------------------------+---------------+-------------+----------------------------+
; ALLOW_SHIFT_REGISTER_MERGING_ACROSS_HIERARCHIES ; Off                                                             ; Auto          ; --          ; --                         ;
; AUTO_GLOBAL_CLOCK                               ; Off                                                             ; On            ; --          ; --                         ;
; AUTO_GLOBAL_REGISTER_CONTROLS                   ; Off                                                             ; On            ; --          ; --                         ;
; COMPILER_SIGNATURE_ID                           ; 238368715099406.144005000416845                                 ; --            ; --          ; --                         ;
; DISABLE_REGISTER_MERGING_ACROSS_HIERARCHIES     ; On                                                              ; Auto          ; --          ; --                         ;
; ECO_REGENERATE_REPORT                           ; On                                                              ; Off           ; --          ; --                         ;
; FITTER_EFFORT                                   ; Standard Fit                                                    ; Auto Fit      ; --          ; --                         ;
; INCREMENTAL_COMPILATION_EXPORT_FILE             ; acl_iface_partition.qxp                                         ; --            ; --          ; --                         ;
; INCREMENTAL_COMPILATION_EXPORT_PARTITION_NAME   ; system_acl_iface:acl_iface                                      ; --            ; --          ; --                         ;
; INCREMENTAL_COMPILATION_EXPORT_POST_FIT         ; On                                                              ; --            ; --          ; --                         ;
; INCREMENTAL_COMPILATION_EXPORT_POST_SYNTH       ; On                                                              ; --            ; --          ; --                         ;
; INCREMENTAL_COMPILATION_EXPORT_ROUTING          ; On                                                              ; --            ; --          ; --                         ;
; MAX_CORE_JUNCTION_TEMP                          ; 85                                                              ; --            ; --          ; --                         ;
; MIN_CORE_JUNCTION_TEMP                          ; 0                                                               ; --            ; --          ; --                         ;
; MISC_FILE                                       ; system/synthesis/../../system.qsys                              ; --            ; --          ; --                         ;
; MISC_FILE                                       ; system/synthesis/submodules/alt_mem_ddrx_define.iv              ; --            ; --          ; --                         ;
; OPTIMIZATION_TECHNIQUE                          ; Speed                                                           ; Balanced      ; --          ; --                         ;
; OUTPUT_IO_TIMING_FAR_END_VMEAS                  ; Half Signal Swing                                               ; --            ; --          ; --                         ;
; OUTPUT_IO_TIMING_FAR_END_VMEAS                  ; Half Signal Swing                                               ; --            ; --          ; --                         ;
; OUTPUT_IO_TIMING_NEAR_END_VMEAS                 ; Half Vccio                                                      ; --            ; --          ; --                         ;
; OUTPUT_IO_TIMING_NEAR_END_VMEAS                 ; Half Vccio                                                      ; --            ; --          ; --                         ;
; PARTITION_COLOR                                 ; 16764057                                                        ; --            ; --          ; Top                        ;
; PARTITION_COLOR                                 ; 39423                                                           ; --            ; --          ; system_acl_iface:acl_iface ;
; PARTITION_FITTER_PRESERVATION_LEVEL             ; PLACEMENT_AND_ROUTING                                           ; --            ; --          ; Top                        ;
; PARTITION_FITTER_PRESERVATION_LEVEL             ; PLACEMENT_AND_ROUTING                                           ; --            ; --          ; system_acl_iface:acl_iface ;
; PARTITION_IGNORE_SOURCE_FILE_CHANGES            ; On                                                              ; --            ; --          ; system_acl_iface:acl_iface ;
; PARTITION_IMPORT_FILE                           ; acl_iface_partition.qxp                                         ; --            ; --          ; system_acl_iface:acl_iface ;
; PARTITION_LAST_IMPORTED_FILE                    ; acl_iface_partition.qxp                                         ; --            ; --          ; system_acl_iface:acl_iface ;
; PARTITION_NETLIST_TYPE                          ; SOURCE                                                          ; --            ; --          ; Top                        ;
; PARTITION_NETLIST_TYPE                          ; POST_FIT                                                        ; --            ; --          ; system_acl_iface:acl_iface ;
; PLACEMENT_EFFORT_MULTIPLIER                     ; 4.0                                                             ; 1.0           ; --          ; --                         ;
; POST_FLOW_SCRIPT_FILE                           ; quartus_cdb:scripts/post_flow.tcl                               ; --            ; --          ; --                         ;
; POST_MODULE_SCRIPT_FILE                         ; quartus_cdb:scripts/post_module.tcl                             ; --            ; --          ; --                         ;
; POWER_BOARD_THERMAL_MODEL                       ; Typical                                                         ; --            ; --          ; --                         ;
; POWER_PRESET_COOLING_SOLUTION                   ; 23 MM HEAT SINK WITH 200 LFPM AIRFLOW                           ; --            ; --          ; --                         ;
; ROUTER_EFFORT_MULTIPLIER                        ; 4.0                                                             ; 1.0           ; --          ; --                         ;
; ROUTER_TIMING_OPTIMIZATION_LEVEL                ; MAXIMUM                                                         ; Normal        ; --          ; --                         ;
; SEARCH_PATH                                     ; iface                                                           ; --            ; --          ; --                         ;
; SEARCH_PATH                                     ; megafunctions/                                                  ; --            ; --          ; --                         ;
; SEARCH_PATH                                     ; quartus/libraries/others/maxplus2/                              ; --            ; --          ; --                         ;
; SEARCH_PATH                                     ; scripts/                                                        ; --            ; --          ; --                         ;
; SEARCH_PATH                                     ; system/synthesis/                                               ; --            ; --          ; --                         ;
; SEARCH_PATH                                     ; system/synthesis/submodules/                                    ; --            ; --          ; --                         ;
; SEARCH_PATH                                     ; system/synthesis/submodules/system_acl_iface_ddr3a_s0_software/ ; --            ; --          ; --                         ;
; SEARCH_PATH                                     ; system/synthesis/submodules/system_acl_iface_ddr3b_s0_software/ ; --            ; --          ; --                         ;
; SEARCH_PATH                                     ; /root/altera/15.0/hld/ip                                        ; --            ; --          ; --                         ;
; SLD_INFO                                        ; QSYS_NAME system HAS_SOPCINFO 0 GENERATION_ID 1440049881        ; --            ; system      ; --                         ;
; SYNTHESIS_ONLY_QIP                              ; On                                                              ; --            ; --          ; --                         ;
; VCCA_GXBL_USER_VOLTAGE                          ; 3.0V                                                            ; --            ; --          ; --                         ;
; VCCA_GXBR_USER_VOLTAGE                          ; 3.0V                                                            ; --            ; --          ; --                         ;
; VCCR_GXBL_USER_VOLTAGE                          ; 1.0V                                                            ; --            ; --          ; --                         ;
; VCCR_GXBR_USER_VOLTAGE                          ; 1.0V                                                            ; --            ; --          ; --                         ;
; VCCT_GXBL_USER_VOLTAGE                          ; 1.0V                                                            ; --            ; --          ; --                         ;
; VCCT_GXBR_USER_VOLTAGE                          ; 1.0V                                                            ; --            ; --          ; --                         ;
; VERILOG_INPUT_VERSION                           ; SystemVerilog_2005                                              ; Verilog_2001  ; --          ; --                         ;
; VERILOG_MACRO                                   ; PCIE_8LANES=1                                                   ; --            ; --          ; --                         ;
; VERILOG_MACRO                                   ; CVPFIX=1                                                        ; --            ; --          ; --                         ;
; VERILOG_MACRO                                   ; MEM_4GB=1                                                       ; --            ; --          ; --                         ;
+-------------------------------------------------+-----------------------------------------------------------------+---------------+-------------+----------------------------+


+-------------------------------------------------------------------------------------------------------------------------------+
; Flow Elapsed Time                                                                                                             ;
+---------------------------+--------------+-------------------------+---------------------+------------------------------------+
; Module Name               ; Elapsed Time ; Average Processors Used ; Peak Virtual Memory ; Total CPU Time (on all processors) ;
+---------------------------+--------------+-------------------------+---------------------+------------------------------------+
; Analysis & Synthesis      ; 00:35:02     ; 1.5                     ; 17222 MB            ; 00:44:39                           ;
; Partition Merge           ; 00:01:48     ; 1.0                     ; 3813 MB             ; 00:01:48                           ;
; Fitter                    ; 00:57:09     ; 2.2                     ; 14989 MB            ; 01:56:43                           ;
; Assembler                 ; 00:02:04     ; 1.0                     ; 4395 MB             ; 00:02:03                           ;
; TimeQuest Timing Analyzer ; 00:09:06     ; 2.1                     ; 10101 MB            ; 00:12:40                           ;
; MIF/HEX Update            ; 00:01:15     ; 1.0                     ; 4683 MB             ; 00:01:14                           ;
; Assembler                 ; 00:02:08     ; 1.0                     ; 4339 MB             ; 00:02:07                           ;
; TimeQuest Timing Analyzer ; 00:10:03     ; 1.9                     ; 9369 MB             ; 00:11:12                           ;
; PowerPlay Power Analyzer  ; 00:11:34     ; 1.5                     ; 7360 MB             ; 00:13:07                           ;
; Total                     ; 02:10:09     ; --                      ; --                  ; 03:25:33                           ;
+---------------------------+--------------+-------------------------+---------------------+------------------------------------+


+-----------------------------------------------------------------------------------------------------+
; Flow OS Summary                                                                                     ;
+---------------------------+--------------------------+----------------+------------+----------------+
; Module Name               ; Machine Hostname         ; OS Name        ; OS Version ; Processor type ;
+---------------------------+--------------------------+----------------+------------+----------------+
; Analysis & Synthesis      ; rcx1.m.gsic.titech.ac.jp ; CentOS release ; 6          ; x86_64         ;
; Partition Merge           ; rcx1.m.gsic.titech.ac.jp ; CentOS release ; 6          ; x86_64         ;
; Fitter                    ; rcx1.m.gsic.titech.ac.jp ; CentOS release ; 6          ; x86_64         ;
; Assembler                 ; rcx1.m.gsic.titech.ac.jp ; CentOS release ; 6          ; x86_64         ;
; TimeQuest Timing Analyzer ; rcx1.m.gsic.titech.ac.jp ; CentOS release ; 6          ; x86_64         ;
; MIF/HEX Update            ; rcx1.m.gsic.titech.ac.jp ; CentOS release ; 6          ; x86_64         ;
; Assembler                 ; rcx1.m.gsic.titech.ac.jp ; CentOS release ; 6          ; x86_64         ;
; TimeQuest Timing Analyzer ; rcx1.m.gsic.titech.ac.jp ; CentOS release ; 6          ; x86_64         ;
; PowerPlay Power Analyzer  ; rcx1.m.gsic.titech.ac.jp ; CentOS release ; 6          ; x86_64         ;
+---------------------------+--------------------------+----------------+------------+----------------+


------------
; Flow Log ;
------------
quartus_map --read_settings_files=on --write_settings_files=off top -c top
quartus_cdb --read_settings_files=on --write_settings_files=off top -c top --merge=on
quartus_fit --read_settings_files=off --write_settings_files=off top -c top
quartus_asm --read_settings_files=off --write_settings_files=off top -c top
quartus_sta top -c top
quartus_cdb top -c top --update_mif
quartus_asm --read_settings_files=on --write_settings_files=off top -c top
quartus_sta top -c top --report_script=/root/altera/15.0/hld/ip/board/bsp/failing_clocks.tcl
quartus_pow top.qpf



