Assembler report for top
Thu Aug  6 09:18:16 2015
Quartus II 64-Bit Version 15.0.2 Build 153 07/15/2015 SJ Full Version


---------------------
; Table of Contents ;
---------------------
  1. Legal Notice
  2. Assembler Summary
  3. Assembler Settings
  4. Assembler Encrypted IP Cores Summary
  5. Assembler Generated Files
  6. Assembler Device Options: top.sof
  7. Assembler Messages



----------------
; Legal Notice ;
----------------
Copyright (C) 1991-2015 Altera Corporation. All rights reserved.
Your use of Altera Corporation's design tools, logic functions 
and other software and tools, and its AMPP partner logic 
functions, and any output files from any of the foregoing 
(including device programming or simulation files), and any 
associated documentation or information are expressly subject 
to the terms and conditions of the Altera Program License 
Subscription Agreement, the Altera Quartus II License Agreement,
the Altera MegaCore Function License Agreement, or other 
applicable license agreement, including, without limitation, 
that your use is for the sole purpose of programming logic 
devices manufactured by Altera and sold by Altera or its 
authorized distributors.  Please refer to the applicable 
agreement for further details.



+---------------------------------------------------------------+
; Assembler Summary                                             ;
+-----------------------+---------------------------------------+
; Assembler Status      ; Successful - Thu Aug  6 09:18:16 2015 ;
; Revision Name         ; top                                   ;
; Top-level Entity Name ; top                                   ;
; Family                ; Stratix V                             ;
; Device                ; 5SGXEA7N2F45C2                        ;
+-----------------------+---------------------------------------+


+--------------------------------------------------------------------------------------------------------+
; Assembler Settings                                                                                     ;
+-----------------------------------------------------------------------------+----------+---------------+
; Option                                                                      ; Setting  ; Default Value ;
+-----------------------------------------------------------------------------+----------+---------------+
; Use smart compilation                                                       ; Off      ; Off           ;
; Enable parallel Assembler and TimeQuest Timing Analyzer during compilation  ; On       ; On            ;
; Enable compact report table                                                 ; Off      ; Off           ;
; Generate compressed bitstreams                                              ; On       ; On            ;
; Compression mode                                                            ; Off      ; Off           ;
; Clock source for configuration device                                       ; Internal ; Internal      ;
; Clock frequency of the configuration device                                 ; 10 MHZ   ; 10 MHz        ;
; Divide clock frequency by                                                   ; 1        ; 1             ;
; Auto user code                                                              ; On       ; On            ;
; Configuration device                                                        ; Auto     ; Auto          ;
; Configuration device auto user code                                         ; Off      ; Off           ;
; Generate Tabular Text File (.ttf) For Target Device                         ; Off      ; Off           ;
; Generate Raw Binary File (.rbf) For Target Device                           ; Off      ; Off           ;
; Generate Hexadecimal (Intel-Format) Output File (.hexout) for Target Device ; Off      ; Off           ;
; Hexadecimal Output File start address                                       ; 0        ; 0             ;
; Hexadecimal Output File count direction                                     ; Up       ; Up            ;
; Release clears before tri-states                                            ; Off      ; Off           ;
; Auto-restart configuration after error                                      ; On       ; On            ;
; Enable OCT_DONE                                                             ; Off      ; Off           ;
; Use Checkered Pattern as Uninitialized RAM Content                          ; Off      ; Off           ;
; Enable autonomous PCIe HIP mode                                             ; Off      ; Off           ;
; Generate Serial Vector Format File (.svf) for Target Device                 ; Off      ; Off           ;
; Generate a JEDEC STAPL Format File (.jam) for Target Device                 ; Off      ; Off           ;
; Generate a compressed Jam STAPL Byte Code 2.0 File (.jbc) for Target Device ; Off      ; Off           ;
; Generate a compressed Jam STAPL Byte Code 2.0 File (.jbc) for Target Device ; On       ; On            ;
+-----------------------------------------------------------------------------+----------+---------------+


+---------------------------------------------+
; Assembler Encrypted IP Cores Summary        ;
+--------+---------------------+--------------+
; Vendor ; IP Core Name        ; License Type ;
+--------+---------------------+--------------+
; Altera ; Unknown (6AF7 FFFF) ; Licensed     ;
+--------+---------------------+--------------+


+---------------------------+
; Assembler Generated Files ;
+---------------------------+
; File Name                 ;
+---------------------------+
; top.sof                   ;
+---------------------------+


+-----------------------------------+
; Assembler Device Options: top.sof ;
+----------------+------------------+
; Option         ; Setting          ;
+----------------+------------------+
; Device         ; 5SGXEA7N2F45C2   ;
; JTAG usercode  ; 0x11AAB126       ;
; Checksum       ; 0x11AAB126       ;
+----------------+------------------+


+--------------------+
; Assembler Messages ;
+--------------------+
Info: *******************************************************************
Info: Running Quartus II 64-Bit Assembler
    Info: Version 15.0.2 Build 153 07/15/2015 SJ Full Version
    Info: Processing started: Thu Aug  6 09:16:00 2015
Info: Command: quartus_asm --read_settings_files=on --write_settings_files=off top -c top
Info: Using INI file /home/nmaruyama/projects/rodinia_3.0_fpga/opencl/srad/kernel/kernel_gpu_opencl_v1/quartus.ini
Warning (15104): Quartus II software detected a bonding design. Reconfiguration is not supported for Bonded designs and MIF is not created for this design.
Warning (15104): Quartus II software detected a bonding design. Reconfiguration is not supported for Bonded designs and MIF is not created for this design.
Warning (15104): Quartus II software detected a bonding design. Reconfiguration is not supported for Bonded designs and MIF is not created for this design.
Warning (15104): Quartus II software detected a bonding design. Reconfiguration is not supported for Bonded designs and MIF is not created for this design.
Warning (15104): Quartus II software detected a bonding design. Reconfiguration is not supported for Bonded designs and MIF is not created for this design.
Warning (15104): Quartus II software detected a bonding design. Reconfiguration is not supported for Bonded designs and MIF is not created for this design.
Warning (15104): Quartus II software detected a bonding design. Reconfiguration is not supported for Bonded designs and MIF is not created for this design.
Warning (15104): Quartus II software detected a bonding design. Reconfiguration is not supported for Bonded designs and MIF is not created for this design.
Warning (15104): Quartus II software detected a bonding design. Reconfiguration is not supported for Bonded designs and MIF is not created for this design.
Info (115030): Assembler is generating device programming files
Info: Quartus II 64-Bit Assembler was successful. 0 errors, 9 warnings
    Info: Peak virtual memory: 3273 megabytes
    Info: Processing ended: Thu Aug  6 09:18:21 2015
    Info: Elapsed time: 00:02:21
    Info: Total CPU time (on all processors): 00:02:21


