Flow report for top
Thu Aug  6 11:41:14 2015
Quartus II 64-Bit Version 15.0.2 Build 153 07/15/2015 SJ Full Version


---------------------
; Table of Contents ;
---------------------
  1. Legal Notice
  2. Flow Summary
  3. Flow Settings
  4. Flow Non-Default Global Settings
  5. Flow Elapsed Time
  6. Flow OS Summary
  7. Flow Log
  8. Flow Messages
  9. Flow Suppressed Messages



----------------
; Legal Notice ;
----------------
Copyright (C) 1991-2015 Altera Corporation. All rights reserved.
Your use of Altera Corporation's design tools, logic functions 
and other software and tools, and its AMPP partner logic 
functions, and any output files from any of the foregoing 
(including device programming or simulation files), and any 
associated documentation or information are expressly subject 
to the terms and conditions of the Altera Program License 
Subscription Agreement, the Altera Quartus II License Agreement,
the Altera MegaCore Function License Agreement, or other 
applicable license agreement, including, without limitation, 
that your use is for the sole purpose of programming logic 
devices manufactured by Altera and sold by Altera or its 
authorized distributors.  Please refer to the applicable 
agreement for further details.



+-------------------------------------------------------------------------------+
; Flow Summary                                                                  ;
+---------------------------------+---------------------------------------------+
; Flow Status                     ; Successful - Thu Aug  6 11:31:46 2015       ;
; Quartus II 64-Bit Version       ; 15.0.2 Build 153 07/15/2015 SJ Full Version ;
; Revision Name                   ; top                                         ;
; Top-level Entity Name           ; top                                         ;
; Family                          ; Stratix V                                   ;
; Device                          ; 5SGXEA7N2F45C2                              ;
; Timing Models                   ; Final                                       ;
; Logic utilization (in ALMs)     ; 77,915 / 234,720 ( 33 % )                   ;
; Total registers                 ; 135273                                      ;
; Total pins                      ; 279 / 1,064 ( 26 % )                        ;
; Total virtual pins              ; 31                                          ;
; Total block memory bits         ; 7,127,376 / 52,428,800 ( 14 % )             ;
; Total PLLs                      ; 13 / 92 ( 14 % )                            ;
; Total DLLs                      ; 2 / 4 ( 50 % )                              ;
; Total DSP Blocks                ; 0 / 256 ( 0 % )                             ;
; Total HSSI STD RX PCSs          ; 9 / 48 ( 19 % )                             ;
; Total HSSI 10G RX PCSs          ; 0 / 48 ( 0 % )                              ;
; Total HSSI GEN3 RX PCSs         ; 0 / 48 ( 0 % )                              ;
; Total HSSI PMA RX Deserializers ; 8 / 48 ( 17 % )                             ;
; Total HSSI STD TX PCSs          ; 9 / 48 ( 19 % )                             ;
; Total HSSI 10G TX PCSs          ; 0 / 48 ( 0 % )                              ;
; Total HSSI GEN3 TX PCSs         ; 0 / 48 ( 0 % )                              ;
; Total HSSI PMA TX Serializers   ; 9 / 48 ( 19 % )                             ;
; Total HSSI PIPE GEN1_2s         ; 9 / 48 ( 19 % )                             ;
; Total HSSI GEN3s                ; 9 / 48 ( 19 % )                             ;
+---------------------------------+---------------------------------------------+


+-----------------------------------------+
; Flow Settings                           ;
+-------------------+---------------------+
; Option            ; Setting             ;
+-------------------+---------------------+
; Start date & time ; 08/06/2015 10:07:55 ;
; Main task         ; Compilation         ;
; Revision Name     ; top                 ;
+-------------------+---------------------+


+------------------------------------------------------------------------------------------------------------------------------------------------------------------------------+
; Flow Non-Default Global Settings                                                                                                                                             ;
+-------------------------------------------------+-----------------------------------------------------------------+---------------+-------------+----------------------------+
; Assignment Name                                 ; Value                                                           ; Default Value ; Entity Name ; Section Id                 ;
+-------------------------------------------------+-----------------------------------------------------------------+---------------+-------------+----------------------------+
; ALLOW_SHIFT_REGISTER_MERGING_ACROSS_HIERARCHIES ; Off                                                             ; Auto          ; --          ; --                         ;
; AUTO_GLOBAL_CLOCK                               ; Off                                                             ; On            ; --          ; --                         ;
; AUTO_GLOBAL_REGISTER_CONTROLS                   ; Off                                                             ; On            ; --          ; --                         ;
; COMPILER_SIGNATURE_ID                           ; 14038003315746.143882327531304                                  ; --            ; --          ; --                         ;
; DISABLE_REGISTER_MERGING_ACROSS_HIERARCHIES     ; On                                                              ; Auto          ; --          ; --                         ;
; ECO_REGENERATE_REPORT                           ; On                                                              ; Off           ; --          ; --                         ;
; FITTER_EFFORT                                   ; Standard Fit                                                    ; Auto Fit      ; --          ; --                         ;
; INCREMENTAL_COMPILATION_EXPORT_FILE             ; acl_iface_partition.qxp                                         ; --            ; --          ; --                         ;
; INCREMENTAL_COMPILATION_EXPORT_PARTITION_NAME   ; system_acl_iface:acl_iface                                      ; --            ; --          ; --                         ;
; INCREMENTAL_COMPILATION_EXPORT_POST_FIT         ; On                                                              ; --            ; --          ; --                         ;
; INCREMENTAL_COMPILATION_EXPORT_POST_SYNTH       ; On                                                              ; --            ; --          ; --                         ;
; INCREMENTAL_COMPILATION_EXPORT_ROUTING          ; On                                                              ; --            ; --          ; --                         ;
; MAX_CORE_JUNCTION_TEMP                          ; 85                                                              ; --            ; --          ; --                         ;
; MIN_CORE_JUNCTION_TEMP                          ; 0                                                               ; --            ; --          ; --                         ;
; MISC_FILE                                       ; system/synthesis/../../system.qsys                              ; --            ; --          ; --                         ;
; MISC_FILE                                       ; system/synthesis/submodules/alt_mem_ddrx_define.iv              ; --            ; --          ; --                         ;
; OPTIMIZATION_TECHNIQUE                          ; Speed                                                           ; Balanced      ; --          ; --                         ;
; OUTPUT_IO_TIMING_FAR_END_VMEAS                  ; Half Signal Swing                                               ; --            ; --          ; --                         ;
; OUTPUT_IO_TIMING_FAR_END_VMEAS                  ; Half Signal Swing                                               ; --            ; --          ; --                         ;
; OUTPUT_IO_TIMING_NEAR_END_VMEAS                 ; Half Vccio                                                      ; --            ; --          ; --                         ;
; OUTPUT_IO_TIMING_NEAR_END_VMEAS                 ; Half Vccio                                                      ; --            ; --          ; --                         ;
; PARTITION_COLOR                                 ; 16764057                                                        ; --            ; --          ; Top                        ;
; PARTITION_COLOR                                 ; 39423                                                           ; --            ; --          ; system_acl_iface:acl_iface ;
; PARTITION_FITTER_PRESERVATION_LEVEL             ; PLACEMENT_AND_ROUTING                                           ; --            ; --          ; Top                        ;
; PARTITION_FITTER_PRESERVATION_LEVEL             ; PLACEMENT_AND_ROUTING                                           ; --            ; --          ; system_acl_iface:acl_iface ;
; PARTITION_IGNORE_SOURCE_FILE_CHANGES            ; On                                                              ; --            ; --          ; system_acl_iface:acl_iface ;
; PARTITION_IMPORT_FILE                           ; acl_iface_partition.qxp                                         ; --            ; --          ; system_acl_iface:acl_iface ;
; PARTITION_LAST_IMPORTED_FILE                    ; acl_iface_partition.qxp                                         ; --            ; --          ; system_acl_iface:acl_iface ;
; PARTITION_NETLIST_TYPE                          ; SOURCE                                                          ; --            ; --          ; Top                        ;
; PARTITION_NETLIST_TYPE                          ; POST_FIT                                                        ; --            ; --          ; system_acl_iface:acl_iface ;
; PLACEMENT_EFFORT_MULTIPLIER                     ; 4.0                                                             ; 1.0           ; --          ; --                         ;
; POST_FLOW_SCRIPT_FILE                           ; quartus_cdb:scripts/post_flow.tcl                               ; --            ; --          ; --                         ;
; POST_MODULE_SCRIPT_FILE                         ; quartus_cdb:scripts/post_module.tcl                             ; --            ; --          ; --                         ;
; POWER_BOARD_THERMAL_MODEL                       ; Typical                                                         ; --            ; --          ; --                         ;
; POWER_PRESET_COOLING_SOLUTION                   ; 23 MM HEAT SINK WITH 200 LFPM AIRFLOW                           ; --            ; --          ; --                         ;
; ROUTER_EFFORT_MULTIPLIER                        ; 4.0                                                             ; 1.0           ; --          ; --                         ;
; ROUTER_TIMING_OPTIMIZATION_LEVEL                ; MAXIMUM                                                         ; Normal        ; --          ; --                         ;
; SEARCH_PATH                                     ; iface                                                           ; --            ; --          ; --                         ;
; SEARCH_PATH                                     ; megafunctions/                                                  ; --            ; --          ; --                         ;
; SEARCH_PATH                                     ; quartus/libraries/others/maxplus2/                              ; --            ; --          ; --                         ;
; SEARCH_PATH                                     ; scripts/                                                        ; --            ; --          ; --                         ;
; SEARCH_PATH                                     ; system/synthesis/                                               ; --            ; --          ; --                         ;
; SEARCH_PATH                                     ; system/synthesis/submodules/                                    ; --            ; --          ; --                         ;
; SEARCH_PATH                                     ; system/synthesis/submodules/system_acl_iface_ddr3a_s0_software/ ; --            ; --          ; --                         ;
; SEARCH_PATH                                     ; system/synthesis/submodules/system_acl_iface_ddr3b_s0_software/ ; --            ; --          ; --                         ;
; SEARCH_PATH                                     ; /home/nmaruyama/altera/15.0.2/hld/ip                            ; --            ; --          ; --                         ;
; SLD_INFO                                        ; QSYS_NAME system HAS_SOPCINFO 0 GENERATION_ID 1438823128        ; --            ; system      ; --                         ;
; SYNTHESIS_ONLY_QIP                              ; On                                                              ; --            ; --          ; --                         ;
; VCCA_GXBL_USER_VOLTAGE                          ; 3.0V                                                            ; --            ; --          ; --                         ;
; VCCA_GXBR_USER_VOLTAGE                          ; 3.0V                                                            ; --            ; --          ; --                         ;
; VCCR_GXBL_USER_VOLTAGE                          ; 1.0V                                                            ; --            ; --          ; --                         ;
; VCCR_GXBR_USER_VOLTAGE                          ; 1.0V                                                            ; --            ; --          ; --                         ;
; VCCT_GXBL_USER_VOLTAGE                          ; 1.0V                                                            ; --            ; --          ; --                         ;
; VCCT_GXBR_USER_VOLTAGE                          ; 1.0V                                                            ; --            ; --          ; --                         ;
; VERILOG_INPUT_VERSION                           ; SystemVerilog_2005                                              ; Verilog_2001  ; --          ; --                         ;
; VERILOG_MACRO                                   ; PCIE_8LANES=1                                                   ; --            ; --          ; --                         ;
; VERILOG_MACRO                                   ; CVPFIX=1                                                        ; --            ; --          ; --                         ;
; VERILOG_MACRO                                   ; MEM_4GB=1                                                       ; --            ; --          ; --                         ;
+-------------------------------------------------+-----------------------------------------------------------------+---------------+-------------+----------------------------+


+-------------------------------------------------------------------------------------------------------------------------------+
; Flow Elapsed Time                                                                                                             ;
+---------------------------+--------------+-------------------------+---------------------+------------------------------------+
; Module Name               ; Elapsed Time ; Average Processors Used ; Peak Virtual Memory ; Total CPU Time (on all processors) ;
+---------------------------+--------------+-------------------------+---------------------+------------------------------------+
; Analysis & Synthesis      ; 00:15:17     ; 1.4                     ; 5800 MB             ; 00:20:28                           ;
; Partition Merge           ; 00:01:32     ; 1.0                     ; 2815 MB             ; 00:01:32                           ;
; Fitter                    ; 00:47:02     ; 3.2                     ; 11825 MB            ; 01:37:38                           ;
; Assembler                 ; 00:01:42     ; 1.0                     ; 2875 MB             ; 00:01:43                           ;
; TimeQuest Timing Analyzer ; 00:07:47     ; 3.6                     ; 6241 MB             ; 00:11:25                           ;
; MIF/HEX Update            ; 00:00:41     ; 1.0                     ; 2986 MB             ; 00:00:42                           ;
; Assembler                 ; 00:01:50     ; 1.0                     ; 2848 MB             ; 00:01:50                           ;
; TimeQuest Timing Analyzer ; 00:08:53     ; 3.3                     ; 5639 MB             ; 00:09:17                           ;
; Total                     ; 01:24:44     ; --                      ; --                  ; 02:24:35                           ;
+---------------------------+--------------+-------------------------+---------------------+------------------------------------+


+----------------------------------------------------------------------------------------------+
; Flow OS Summary                                                                              ;
+---------------------------+-------------------+----------------+------------+----------------+
; Module Name               ; Machine Hostname  ; OS Name        ; OS Version ; Processor type ;
+---------------------------+-------------------+----------------+------------+----------------+
; Analysis & Synthesis      ; hachi.localdomain ; CentOS release ; 6          ; x86_64         ;
; Partition Merge           ; hachi.localdomain ; CentOS release ; 6          ; x86_64         ;
; Fitter                    ; hachi.localdomain ; CentOS release ; 6          ; x86_64         ;
; Assembler                 ; hachi.localdomain ; CentOS release ; 6          ; x86_64         ;
; TimeQuest Timing Analyzer ; hachi.localdomain ; CentOS release ; 6          ; x86_64         ;
; MIF/HEX Update            ; hachi.localdomain ; CentOS release ; 6          ; x86_64         ;
; Assembler                 ; hachi.localdomain ; CentOS release ; 6          ; x86_64         ;
; TimeQuest Timing Analyzer ; hachi.localdomain ; CentOS release ; 6          ; x86_64         ;
+---------------------------+-------------------+----------------+------------+----------------+


------------
; Flow Log ;
------------
quartus_map --read_settings_files=on --write_settings_files=off top -c top
quartus_cdb --read_settings_files=on --write_settings_files=off top -c top --merge=on
quartus_fit --read_settings_files=off --write_settings_files=off top -c top
quartus_asm --read_settings_files=off --write_settings_files=off top -c top
quartus_sta top -c top
quartus_cdb top -c top --update_mif
quartus_asm --read_settings_files=on --write_settings_files=off top -c top
quartus_sta top -c top --report_script=/home/nmaruyama/altera/15.0.2/hld/ip/board/bsp/failing_clocks.tcl



